2020-07-20 15:24:18.467  INFO 3080 --- [restartedMain] com.ammi3.blog.BlogApplication           : Starting BlogApplication on DESKTOP-406V8OL with PID 3080 (H:\Demo合集\blog\target\classes started by 75821 in H:\Demo合集\blog)
2020-07-20 15:24:18.472 DEBUG 3080 --- [restartedMain] com.ammi3.blog.BlogApplication           : Running with Spring Boot v2.3.0.RELEASE, Spring v5.2.6.RELEASE
2020-07-20 15:24:18.472  INFO 3080 --- [restartedMain] com.ammi3.blog.BlogApplication           : The following profiles are active: dev
2020-07-20 15:24:18.503  INFO 3080 --- [restartedMain] .e.DevToolsPropertyDefaultsPostProcessor : Devtools property defaults active! Set 'spring.devtools.add-properties' to 'false' to disable
2020-07-20 15:24:18.503  INFO 3080 --- [restartedMain] .e.DevToolsPropertyDefaultsPostProcessor : For additional web related logging consider setting the 'logging.level.web' property to 'DEBUG'
2020-07-20 15:24:19.669  INFO 3080 --- [restartedMain] o.s.b.w.embedded.tomcat.TomcatWebServer  : Tomcat initialized with port(s): 8080 (http)
2020-07-20 15:24:19.677  INFO 3080 --- [restartedMain] o.apache.catalina.core.StandardService   : Starting service [Tomcat]
2020-07-20 15:24:19.677  INFO 3080 --- [restartedMain] org.apache.catalina.core.StandardEngine  : Starting Servlet engine: [Apache Tomcat/9.0.35]
2020-07-20 15:24:19.744  INFO 3080 --- [restartedMain] o.a.c.c.C.[Tomcat].[localhost].[/]       : Initializing Spring embedded WebApplicationContext
2020-07-20 15:24:19.744  INFO 3080 --- [restartedMain] o.s.web.context.ContextLoader            : Root WebApplicationContext: initialization completed in 1241 ms
2020-07-20 15:24:19.789  WARN 3080 --- [restartedMain] ConfigServletWebServerApplicationContext : Exception encountered during context initialization - cancelling refresh attempt: org.springframework.beans.factory.UnsatisfiedDependencyException: Error creating bean with name 'indexController': Unsatisfied dependency expressed through field 'typeService'; nested exception is org.springframework.beans.factory.UnsatisfiedDependencyException: Error creating bean with name 'typeServiceImpl': Unsatisfied dependency expressed through field 'typeDao'; nested exception is org.springframework.beans.factory.NoSuchBeanDefinitionException: No qualifying bean of type 'com.ammi3.blog.dao.TypeDao' available: expected at least 1 bean which qualifies as autowire candidate. Dependency annotations: {@org.springframework.beans.factory.annotation.Autowired(required=true)}
2020-07-20 15:24:19.791  INFO 3080 --- [restartedMain] o.apache.catalina.core.StandardService   : Stopping service [Tomcat]
2020-07-20 15:24:19.822  INFO 3080 --- [restartedMain] ConditionEvaluationReportLoggingListener : 

Error starting ApplicationContext. To display the conditions report re-run your application with 'debug' enabled.
2020-07-20 15:24:19.928 ERROR 3080 --- [restartedMain] o.s.b.d.LoggingFailureAnalysisReporter   : 

***************************
APPLICATION FAILED TO START
***************************

Description:

Field typeDao in com.ammi3.blog.service.impl.TypeServiceImpl required a bean of type 'com.ammi3.blog.dao.TypeDao' that could not be found.

The injection point has the following annotations:
	- @org.springframework.beans.factory.annotation.Autowired(required=true)


Action:

Consider defining a bean of type 'com.ammi3.blog.dao.TypeDao' in your configuration.

2020-07-20 15:24:19.933  WARN 3080 --- [restartedMain] o.s.boot.SpringApplication               : Unable to close ApplicationContext

org.springframework.beans.factory.BeanCreationException: Error creating bean with name 'springApplicationAdminRegistrar' defined in class path resource [org/springframework/boot/autoconfigure/admin/SpringApplicationAdminJmxAutoConfiguration.class]: BeanPostProcessor before instantiation of bean failed; nested exception is org.springframework.beans.factory.BeanCreationException: Error creating bean with name 'org.springframework.transaction.annotation.ProxyTransactionManagementConfiguration': Initialization of bean failed; nested exception is org.springframework.beans.factory.NoSuchBeanDefinitionException: No bean named 'org.springframework.context.annotation.ConfigurationClassPostProcessor.importRegistry' available
	at org.springframework.beans.factory.support.AbstractAutowireCapableBeanFactory.createBean(AbstractAutowireCapableBeanFactory.java:512)
	at org.springframework.beans.factory.support.AbstractBeanFactory.lambda$doGetBean$0(AbstractBeanFactory.java:323)
	at org.springframework.beans.factory.support.DefaultSingletonBeanRegistry.getSingleton(DefaultSingletonBeanRegistry.java:226)
	at org.springframework.beans.factory.support.AbstractBeanFactory.doGetBean(AbstractBeanFactory.java:321)
	at org.springframework.beans.factory.support.AbstractBeanFactory.getBean(AbstractBeanFactory.java:207)
	at org.springframework.context.event.AbstractApplicationEventMulticaster.retrieveApplicationListeners(AbstractApplicationEventMulticaster.java:245)
	at org.springframework.context.event.AbstractApplicationEventMulticaster.getApplicationListeners(AbstractApplicationEventMulticaster.java:197)
	at org.springframework.context.event.SimpleApplicationEventMulticaster.multicastEvent(SimpleApplicationEventMulticaster.java:134)
	at org.springframework.context.support.AbstractApplicationContext.publishEvent(AbstractApplicationContext.java:403)
	at org.springframework.context.support.AbstractApplicationContext.publishEvent(AbstractApplicationContext.java:360)
	at org.springframework.boot.availability.AvailabilityChangeEvent.publish(AvailabilityChangeEvent.java:81)
	at org.springframework.boot.availability.AvailabilityChangeEvent.publish(AvailabilityChangeEvent.java:67)
	at org.springframework.boot.web.servlet.context.ServletWebServerApplicationContext.doClose(ServletWebServerApplicationContext.java:167)
	at org.springframework.context.support.AbstractApplicationContext.close(AbstractApplicationContext.java:978)
	at org.springframework.boot.SpringApplication.handleRunFailure(SpringApplication.java:814)
	at org.springframework.boot.SpringApplication.run(SpringApplication.java:325)
	at org.springframework.boot.SpringApplication.run(SpringApplication.java:1237)
	at org.springframework.boot.SpringApplication.run(SpringApplication.java:1226)
	at com.ammi3.blog.BlogApplication.main(BlogApplication.java:10)
	at sun.reflect.NativeMethodAccessorImpl.invoke0(Native Method)
	at sun.reflect.NativeMethodAccessorImpl.invoke(NativeMethodAccessorImpl.java:62)
	at sun.reflect.DelegatingMethodAccessorImpl.invoke(DelegatingMethodAccessorImpl.java:43)
	at java.lang.reflect.Method.invoke(Method.java:498)
	at org.springframework.boot.devtools.restart.RestartLauncher.run(RestartLauncher.java:49)
Caused by: org.springframework.beans.factory.BeanCreationException: Error creating bean with name 'org.springframework.transaction.annotation.ProxyTransactionManagementConfiguration': Initialization of bean failed; nested exception is org.springframework.beans.factory.NoSuchBeanDefinitionException: No bean named 'org.springframework.context.annotation.ConfigurationClassPostProcessor.importRegistry' available
	at org.springframework.beans.factory.support.AbstractAutowireCapableBeanFactory.doCreateBean(AbstractAutowireCapableBeanFactory.java:603)
	at org.springframework.beans.factory.support.AbstractAutowireCapableBeanFactory.createBean(AbstractAutowireCapableBeanFactory.java:517)
	at org.springframework.beans.factory.support.AbstractBeanFactory.lambda$doGetBean$0(AbstractBeanFactory.java:323)
	at org.springframework.beans.factory.support.DefaultSingletonBeanRegistry.getSingleton(DefaultSingletonBeanRegistry.java:226)
	at org.springframework.beans.factory.support.AbstractBeanFactory.doGetBean(AbstractBeanFactory.java:321)
	at org.springframework.beans.factory.support.AbstractBeanFactory.getBean(AbstractBeanFactory.java:202)
	at org.springframework.beans.factory.support.ConstructorResolver.instantiateUsingFactoryMethod(ConstructorResolver.java:409)
	at org.springframework.beans.factory.support.AbstractAutowireCapableBeanFactory.instantiateUsingFactoryMethod(AbstractAutowireCapableBeanFactory.java:1338)
	at org.springframework.beans.factory.support.AbstractAutowireCapableBeanFactory.createBeanInstance(AbstractAutowireCapableBeanFactory.java:1177)
	at org.springframework.beans.factory.support.AbstractAutowireCapableBeanFactory.doCreateBean(AbstractAutowireCapableBeanFactory.java:557)
	at org.springframework.beans.factory.support.AbstractAutowireCapableBeanFactory.createBean(AbstractAutowireCapableBeanFactory.java:517)
	at org.springframework.beans.factory.support.AbstractBeanFactory.lambda$doGetBean$0(AbstractBeanFactory.java:323)
	at org.springframework.beans.factory.support.DefaultSingletonBeanRegistry.getSingleton(DefaultSingletonBeanRegistry.java:226)
	at org.springframework.beans.factory.support.AbstractBeanFactory.doGetBean(AbstractBeanFactory.java:321)
	at org.springframework.beans.factory.support.AbstractBeanFactory.getBean(AbstractBeanFactory.java:207)
	at org.springframework.aop.framework.autoproxy.BeanFactoryAdvisorRetrievalHelper.findAdvisorBeans(BeanFactoryAdvisorRetrievalHelper.java:91)
	at org.springframework.aop.framework.autoproxy.AbstractAdvisorAutoProxyCreator.findCandidateAdvisors(AbstractAdvisorAutoProxyCreator.java:109)
	at org.springframework.aop.aspectj.annotation.AnnotationAwareAspectJAutoProxyCreator.findCandidateAdvisors(AnnotationAwareAspectJAutoProxyCreator.java:92)
	at org.springframework.aop.aspectj.autoproxy.AspectJAwareAdvisorAutoProxyCreator.shouldSkip(AspectJAwareAdvisorAutoProxyCreator.java:101)
	at org.springframework.aop.framework.autoproxy.AbstractAutoProxyCreator.postProcessBeforeInstantiation(AbstractAutoProxyCreator.java:251)
	at org.springframework.beans.factory.support.AbstractAutowireCapableBeanFactory.applyBeanPostProcessorsBeforeInstantiation(AbstractAutowireCapableBeanFactory.java:1141)
	at org.springframework.beans.factory.support.AbstractAutowireCapableBeanFactory.resolveBeforeInstantiation(AbstractAutowireCapableBeanFactory.java:1114)
	at org.springframework.beans.factory.support.AbstractAutowireCapableBeanFactory.createBean(AbstractAutowireCapableBeanFactory.java:506)
	... 23 common frames omitted
Caused by: org.springframework.beans.factory.NoSuchBeanDefinitionException: No bean named 'org.springframework.context.annotation.ConfigurationClassPostProcessor.importRegistry' available
	at org.springframework.beans.factory.support.DefaultListableBeanFactory.getBeanDefinition(DefaultListableBeanFactory.java:814)
	at org.springframework.beans.factory.support.AbstractBeanFactory.getMergedLocalBeanDefinition(AbstractBeanFactory.java:1282)
	at org.springframework.beans.factory.support.AbstractBeanFactory.doGetBean(AbstractBeanFactory.java:297)
	at org.springframework.beans.factory.support.AbstractBeanFactory.getBean(AbstractBeanFactory.java:207)
	at org.springframework.context.annotation.ConfigurationClassPostProcessor$ImportAwareBeanPostProcessor.postProcessBeforeInitialization(ConfigurationClassPostProcessor.java:456)
	at org.springframework.beans.factory.support.AbstractAutowireCapableBeanFactory.applyBeanPostProcessorsBeforeInitialization(AbstractAutowireCapableBeanFactory.java:416)
	at org.springframework.beans.factory.support.AbstractAutowireCapableBeanFactory.initializeBean(AbstractAutowireCapableBeanFactory.java:1788)
	at org.springframework.beans.factory.support.AbstractAutowireCapableBeanFactory.doCreateBean(AbstractAutowireCapableBeanFactory.java:595)
	... 45 common frames omitted

2020-07-20 15:34:51.797  INFO 14568 --- [restartedMain] com.ammi3.blog.BlogApplication           : Starting BlogApplication on DESKTOP-406V8OL with PID 14568 (H:\Demo合集\blog\target\classes started by 75821 in H:\Demo合集\blog)
2020-07-20 15:34:51.801 DEBUG 14568 --- [restartedMain] com.ammi3.blog.BlogApplication           : Running with Spring Boot v2.3.0.RELEASE, Spring v5.2.6.RELEASE
2020-07-20 15:34:51.802  INFO 14568 --- [restartedMain] com.ammi3.blog.BlogApplication           : The following profiles are active: dev
2020-07-20 15:34:51.865  INFO 14568 --- [restartedMain] .e.DevToolsPropertyDefaultsPostProcessor : Devtools property defaults active! Set 'spring.devtools.add-properties' to 'false' to disable
2020-07-20 15:34:51.865  INFO 14568 --- [restartedMain] .e.DevToolsPropertyDefaultsPostProcessor : For additional web related logging consider setting the 'logging.level.web' property to 'DEBUG'
2020-07-20 15:34:52.729  INFO 14568 --- [restartedMain] o.s.b.w.embedded.tomcat.TomcatWebServer  : Tomcat initialized with port(s): 8080 (http)
2020-07-20 15:34:52.736  INFO 14568 --- [restartedMain] o.apache.catalina.core.StandardService   : Starting service [Tomcat]
2020-07-20 15:34:52.736  INFO 14568 --- [restartedMain] org.apache.catalina.core.StandardEngine  : Starting Servlet engine: [Apache Tomcat/9.0.35]
2020-07-20 15:34:52.810  INFO 14568 --- [restartedMain] o.a.c.c.C.[Tomcat].[localhost].[/]       : Initializing Spring embedded WebApplicationContext
2020-07-20 15:34:52.810  INFO 14568 --- [restartedMain] o.s.web.context.ContextLoader            : Root WebApplicationContext: initialization completed in 944 ms
2020-07-20 15:34:53.070  WARN 14568 --- [restartedMain] ConfigServletWebServerApplicationContext : Exception encountered during context initialization - cancelling refresh attempt: org.springframework.beans.factory.UnsatisfiedDependencyException: Error creating bean with name 'typeServiceImpl': Unsatisfied dependency expressed through field 'typeDao'; nested exception is org.springframework.beans.factory.NoSuchBeanDefinitionException: No qualifying bean of type 'com.ammi3.blog.dao.TypeDao' available: expected at least 1 bean which qualifies as autowire candidate. Dependency annotations: {@org.springframework.beans.factory.annotation.Autowired(required=true)}
2020-07-20 15:34:53.072  INFO 14568 --- [restartedMain] o.apache.catalina.core.StandardService   : Stopping service [Tomcat]
2020-07-20 15:34:53.080  INFO 14568 --- [restartedMain] ConditionEvaluationReportLoggingListener : 

Error starting ApplicationContext. To display the conditions report re-run your application with 'debug' enabled.
2020-07-20 15:34:53.158 ERROR 14568 --- [restartedMain] o.s.b.d.LoggingFailureAnalysisReporter   : 

***************************
APPLICATION FAILED TO START
***************************

Description:

Field typeDao in com.ammi3.blog.service.impl.TypeServiceImpl required a bean of type 'com.ammi3.blog.dao.TypeDao' that could not be found.

The injection point has the following annotations:
	- @org.springframework.beans.factory.annotation.Autowired(required=true)


Action:

Consider defining a bean of type 'com.ammi3.blog.dao.TypeDao' in your configuration.

2020-07-20 15:34:53.162  WARN 14568 --- [restartedMain] o.s.boot.SpringApplication               : Unable to close ApplicationContext

org.springframework.beans.factory.BeanCreationException: Error creating bean with name 'springApplicationAdminRegistrar' defined in class path resource [org/springframework/boot/autoconfigure/admin/SpringApplicationAdminJmxAutoConfiguration.class]: BeanPostProcessor before instantiation of bean failed; nested exception is org.springframework.beans.factory.BeanCreationException: Error creating bean with name 'org.springframework.transaction.annotation.ProxyTransactionManagementConfiguration': Initialization of bean failed; nested exception is org.springframework.beans.factory.NoSuchBeanDefinitionException: No bean named 'org.springframework.context.annotation.ConfigurationClassPostProcessor.importRegistry' available
	at org.springframework.beans.factory.support.AbstractAutowireCapableBeanFactory.createBean(AbstractAutowireCapableBeanFactory.java:512)
	at org.springframework.beans.factory.support.AbstractBeanFactory.lambda$doGetBean$0(AbstractBeanFactory.java:323)
	at org.springframework.beans.factory.support.DefaultSingletonBeanRegistry.getSingleton(DefaultSingletonBeanRegistry.java:226)
	at org.springframework.beans.factory.support.AbstractBeanFactory.doGetBean(AbstractBeanFactory.java:321)
	at org.springframework.beans.factory.support.AbstractBeanFactory.getBean(AbstractBeanFactory.java:207)
	at org.springframework.context.event.AbstractApplicationEventMulticaster.retrieveApplicationListeners(AbstractApplicationEventMulticaster.java:245)
	at org.springframework.context.event.AbstractApplicationEventMulticaster.getApplicationListeners(AbstractApplicationEventMulticaster.java:197)
	at org.springframework.context.event.SimpleApplicationEventMulticaster.multicastEvent(SimpleApplicationEventMulticaster.java:134)
	at org.springframework.context.support.AbstractApplicationContext.publishEvent(AbstractApplicationContext.java:403)
	at org.springframework.context.support.AbstractApplicationContext.publishEvent(AbstractApplicationContext.java:360)
	at org.springframework.boot.availability.AvailabilityChangeEvent.publish(AvailabilityChangeEvent.java:81)
	at org.springframework.boot.availability.AvailabilityChangeEvent.publish(AvailabilityChangeEvent.java:67)
	at org.springframework.boot.web.servlet.context.ServletWebServerApplicationContext.doClose(ServletWebServerApplicationContext.java:167)
	at org.springframework.context.support.AbstractApplicationContext.close(AbstractApplicationContext.java:978)
	at org.springframework.boot.SpringApplication.handleRunFailure(SpringApplication.java:814)
	at org.springframework.boot.SpringApplication.run(SpringApplication.java:325)
	at org.springframework.boot.SpringApplication.run(SpringApplication.java:1237)
	at org.springframework.boot.SpringApplication.run(SpringApplication.java:1226)
	at com.ammi3.blog.BlogApplication.main(BlogApplication.java:13)
	at sun.reflect.NativeMethodAccessorImpl.invoke0(Native Method)
	at sun.reflect.NativeMethodAccessorImpl.invoke(NativeMethodAccessorImpl.java:62)
	at sun.reflect.DelegatingMethodAccessorImpl.invoke(DelegatingMethodAccessorImpl.java:43)
	at java.lang.reflect.Method.invoke(Method.java:498)
	at org.springframework.boot.devtools.restart.RestartLauncher.run(RestartLauncher.java:49)
Caused by: org.springframework.beans.factory.BeanCreationException: Error creating bean with name 'org.springframework.transaction.annotation.ProxyTransactionManagementConfiguration': Initialization of bean failed; nested exception is org.springframework.beans.factory.NoSuchBeanDefinitionException: No bean named 'org.springframework.context.annotation.ConfigurationClassPostProcessor.importRegistry' available
	at org.springframework.beans.factory.support.AbstractAutowireCapableBeanFactory.doCreateBean(AbstractAutowireCapableBeanFactory.java:603)
	at org.springframework.beans.factory.support.AbstractAutowireCapableBeanFactory.createBean(AbstractAutowireCapableBeanFactory.java:517)
	at org.springframework.beans.factory.support.AbstractBeanFactory.lambda$doGetBean$0(AbstractBeanFactory.java:323)
	at org.springframework.beans.factory.support.DefaultSingletonBeanRegistry.getSingleton(DefaultSingletonBeanRegistry.java:226)
	at org.springframework.beans.factory.support.AbstractBeanFactory.doGetBean(AbstractBeanFactory.java:321)
	at org.springframework.beans.factory.support.AbstractBeanFactory.getBean(AbstractBeanFactory.java:202)
	at org.springframework.beans.factory.support.ConstructorResolver.instantiateUsingFactoryMethod(ConstructorResolver.java:409)
	at org.springframework.beans.factory.support.AbstractAutowireCapableBeanFactory.instantiateUsingFactoryMethod(AbstractAutowireCapableBeanFactory.java:1338)
	at org.springframework.beans.factory.support.AbstractAutowireCapableBeanFactory.createBeanInstance(AbstractAutowireCapableBeanFactory.java:1177)
	at org.springframework.beans.factory.support.AbstractAutowireCapableBeanFactory.doCreateBean(AbstractAutowireCapableBeanFactory.java:557)
	at org.springframework.beans.factory.support.AbstractAutowireCapableBeanFactory.createBean(AbstractAutowireCapableBeanFactory.java:517)
	at org.springframework.beans.factory.support.AbstractBeanFactory.lambda$doGetBean$0(AbstractBeanFactory.java:323)
	at org.springframework.beans.factory.support.DefaultSingletonBeanRegistry.getSingleton(DefaultSingletonBeanRegistry.java:226)
	at org.springframework.beans.factory.support.AbstractBeanFactory.doGetBean(AbstractBeanFactory.java:321)
	at org.springframework.beans.factory.support.AbstractBeanFactory.getBean(AbstractBeanFactory.java:207)
	at org.springframework.aop.framework.autoproxy.BeanFactoryAdvisorRetrievalHelper.findAdvisorBeans(BeanFactoryAdvisorRetrievalHelper.java:91)
	at org.springframework.aop.framework.autoproxy.AbstractAdvisorAutoProxyCreator.findCandidateAdvisors(AbstractAdvisorAutoProxyCreator.java:109)
	at org.springframework.aop.aspectj.annotation.AnnotationAwareAspectJAutoProxyCreator.findCandidateAdvisors(AnnotationAwareAspectJAutoProxyCreator.java:92)
	at org.springframework.aop.aspectj.autoproxy.AspectJAwareAdvisorAutoProxyCreator.shouldSkip(AspectJAwareAdvisorAutoProxyCreator.java:101)
	at org.springframework.aop.framework.autoproxy.AbstractAutoProxyCreator.postProcessBeforeInstantiation(AbstractAutoProxyCreator.java:251)
	at org.springframework.beans.factory.support.AbstractAutowireCapableBeanFactory.applyBeanPostProcessorsBeforeInstantiation(AbstractAutowireCapableBeanFactory.java:1141)
	at org.springframework.beans.factory.support.AbstractAutowireCapableBeanFactory.resolveBeforeInstantiation(AbstractAutowireCapableBeanFactory.java:1114)
	at org.springframework.beans.factory.support.AbstractAutowireCapableBeanFactory.createBean(AbstractAutowireCapableBeanFactory.java:506)
	... 23 common frames omitted
Caused by: org.springframework.beans.factory.NoSuchBeanDefinitionException: No bean named 'org.springframework.context.annotation.ConfigurationClassPostProcessor.importRegistry' available
	at org.springframework.beans.factory.support.DefaultListableBeanFactory.getBeanDefinition(DefaultListableBeanFactory.java:814)
	at org.springframework.beans.factory.support.AbstractBeanFactory.getMergedLocalBeanDefinition(AbstractBeanFactory.java:1282)
	at org.springframework.beans.factory.support.AbstractBeanFactory.doGetBean(AbstractBeanFactory.java:297)
	at org.springframework.beans.factory.support.AbstractBeanFactory.getBean(AbstractBeanFactory.java:207)
	at org.springframework.context.annotation.ConfigurationClassPostProcessor$ImportAwareBeanPostProcessor.postProcessBeforeInitialization(ConfigurationClassPostProcessor.java:456)
	at org.springframework.beans.factory.support.AbstractAutowireCapableBeanFactory.applyBeanPostProcessorsBeforeInitialization(AbstractAutowireCapableBeanFactory.java:416)
	at org.springframework.beans.factory.support.AbstractAutowireCapableBeanFactory.initializeBean(AbstractAutowireCapableBeanFactory.java:1788)
	at org.springframework.beans.factory.support.AbstractAutowireCapableBeanFactory.doCreateBean(AbstractAutowireCapableBeanFactory.java:595)
	... 45 common frames omitted

2020-07-20 15:36:04.332  INFO 9040 --- [restartedMain] com.ammi3.blog.BlogApplication           : Starting BlogApplication on DESKTOP-406V8OL with PID 9040 (H:\Demo合集\blog\target\classes started by 75821 in H:\Demo合集\blog)
2020-07-20 15:36:04.334 DEBUG 9040 --- [restartedMain] com.ammi3.blog.BlogApplication           : Running with Spring Boot v2.3.0.RELEASE, Spring v5.2.6.RELEASE
2020-07-20 15:36:04.334  INFO 9040 --- [restartedMain] com.ammi3.blog.BlogApplication           : The following profiles are active: dev
2020-07-20 15:36:04.388  INFO 9040 --- [restartedMain] .e.DevToolsPropertyDefaultsPostProcessor : Devtools property defaults active! Set 'spring.devtools.add-properties' to 'false' to disable
2020-07-20 15:36:04.388  INFO 9040 --- [restartedMain] .e.DevToolsPropertyDefaultsPostProcessor : For additional web related logging consider setting the 'logging.level.web' property to 'DEBUG'
2020-07-20 15:36:05.244  INFO 9040 --- [restartedMain] o.s.b.w.embedded.tomcat.TomcatWebServer  : Tomcat initialized with port(s): 8080 (http)
2020-07-20 15:36:05.250  INFO 9040 --- [restartedMain] o.apache.catalina.core.StandardService   : Starting service [Tomcat]
2020-07-20 15:36:05.251  INFO 9040 --- [restartedMain] org.apache.catalina.core.StandardEngine  : Starting Servlet engine: [Apache Tomcat/9.0.35]
2020-07-20 15:36:05.312  INFO 9040 --- [restartedMain] o.a.c.c.C.[Tomcat].[localhost].[/]       : Initializing Spring embedded WebApplicationContext
2020-07-20 15:36:05.312  INFO 9040 --- [restartedMain] o.s.web.context.ContextLoader            : Root WebApplicationContext: initialization completed in 923 ms
2020-07-20 15:36:05.632  INFO 9040 --- [restartedMain] o.s.s.concurrent.ThreadPoolTaskExecutor  : Initializing ExecutorService 'applicationTaskExecutor'
2020-07-20 15:36:05.680  INFO 9040 --- [restartedMain] o.s.b.a.w.s.WelcomePageHandlerMapping    : Adding welcome page template: index
2020-07-20 15:36:05.992  INFO 9040 --- [restartedMain] o.s.b.d.a.OptionalLiveReloadServer       : LiveReload server is running on port 35729
2020-07-20 15:36:06.027  INFO 9040 --- [restartedMain] o.s.b.w.embedded.tomcat.TomcatWebServer  : Tomcat started on port(s): 8080 (http) with context path ''
2020-07-20 15:36:06.037  INFO 9040 --- [restartedMain] com.ammi3.blog.BlogApplication           : Started BlogApplication in 2.071 seconds (JVM running for 2.705)
2020-07-20 15:36:43.983  INFO 9040 --- [http-nio-8080-exec-1] o.a.c.c.C.[Tomcat].[localhost].[/]       : Initializing Spring DispatcherServlet 'dispatcherServlet'
2020-07-20 15:36:43.984  INFO 9040 --- [http-nio-8080-exec-1] o.s.web.servlet.DispatcherServlet        : Initializing Servlet 'dispatcherServlet'
2020-07-20 15:36:43.990  INFO 9040 --- [http-nio-8080-exec-1] o.s.web.servlet.DispatcherServlet        : Completed initialization in 6 ms
2020-07-20 15:36:44.058  INFO 9040 --- [http-nio-8080-exec-1] com.zaxxer.hikari.HikariDataSource       : HikariPool-1 - Starting...
2020-07-20 15:36:45.770  INFO 9040 --- [http-nio-8080-exec-1] com.zaxxer.hikari.HikariDataSource       : HikariPool-1 - Start completed.
2020-07-20 15:36:45.777 DEBUG 9040 --- [http-nio-8080-exec-1] c.a.blog.dao.BlogDao.getIndexBlog_COUNT  : ==>  Preparing: SELECT count(0) FROM t_blog b, t_type t, t_user u WHERE b.type_id = t.id AND u.id = b.user_id 
2020-07-20 15:36:45.805 DEBUG 9040 --- [http-nio-8080-exec-1] c.a.blog.dao.BlogDao.getIndexBlog_COUNT  : ==> Parameters: 
2020-07-20 15:36:45.913 DEBUG 9040 --- [http-nio-8080-exec-1] c.a.blog.dao.BlogDao.getIndexBlog_COUNT  : <==      Total: 1
2020-07-20 15:36:45.917 DEBUG 9040 --- [http-nio-8080-exec-1] com.ammi3.blog.dao.BlogDao.getIndexBlog  : ==>  Preparing: /*主页博客展示*/ select b.id, b.title, b.first_picture, b.views, b.update_time, b.description, t.name typename, t.id typeid, u.nickname, u.avatar from t_blog b, t_type t, t_user u where b.type_id = t.id and u.id = b.user_id order by b.update_time desc LIMIT ? 
2020-07-20 15:36:45.918 DEBUG 9040 --- [http-nio-8080-exec-1] com.ammi3.blog.dao.BlogDao.getIndexBlog  : ==> Parameters: 5(Integer)
2020-07-20 15:36:46.007 DEBUG 9040 --- [http-nio-8080-exec-1] com.ammi3.blog.dao.BlogDao.getIndexBlog  : <==      Total: 5
2020-07-20 15:36:46.010 DEBUG 9040 --- [http-nio-8080-exec-1] com.ammi3.blog.dao.TypeDao.getBlogType   : ==>  Preparing: select t.id tid, t.name, b.id bid, b.title, b.type_id from t_type t, t_blog b where t.id = b.type_id 
2020-07-20 15:36:46.011 DEBUG 9040 --- [http-nio-8080-exec-1] com.ammi3.blog.dao.TypeDao.getBlogType   : ==> Parameters: 
2020-07-20 15:36:46.091 DEBUG 9040 --- [http-nio-8080-exec-1] com.ammi3.blog.dao.TypeDao.getBlogType   : <==      Total: 8
2020-07-20 15:36:46.092 DEBUG 9040 --- [http-nio-8080-exec-1] c.a.b.dao.BlogDao.getAllRecommendBlog    : ==>  Preparing: select id, title, recommend from t_blog order by update_time desc; 
2020-07-20 15:36:46.092 DEBUG 9040 --- [http-nio-8080-exec-1] c.a.b.dao.BlogDao.getAllRecommendBlog    : ==> Parameters: 
2020-07-20 15:36:46.165 DEBUG 9040 --- [http-nio-8080-exec-1] c.a.b.dao.BlogDao.getAllRecommendBlog    : <==      Total: 8
2020-07-20 15:39:24.528 DEBUG 9040 --- [http-nio-8080-exec-2] c.a.blog.dao.BlogDao.getIndexBlog_COUNT  : ==>  Preparing: SELECT count(0) FROM t_blog b, t_type t, t_user u WHERE b.type_id = t.id AND u.id = b.user_id 
2020-07-20 15:39:24.529 DEBUG 9040 --- [http-nio-8080-exec-2] c.a.blog.dao.BlogDao.getIndexBlog_COUNT  : ==> Parameters: 
2020-07-20 15:39:24.618 DEBUG 9040 --- [http-nio-8080-exec-2] c.a.blog.dao.BlogDao.getIndexBlog_COUNT  : <==      Total: 1
2020-07-20 15:39:24.618 DEBUG 9040 --- [http-nio-8080-exec-2] com.ammi3.blog.dao.BlogDao.getIndexBlog  : ==>  Preparing: /*主页博客展示*/ select b.id, b.title, b.first_picture, b.views, b.update_time, b.description, t.name typename, t.id typeid, u.nickname, u.avatar from t_blog b, t_type t, t_user u where b.type_id = t.id and u.id = b.user_id order by b.update_time desc LIMIT ? 
2020-07-20 15:39:24.619 DEBUG 9040 --- [http-nio-8080-exec-2] com.ammi3.blog.dao.BlogDao.getIndexBlog  : ==> Parameters: 5(Integer)
2020-07-20 15:39:24.690 DEBUG 9040 --- [http-nio-8080-exec-2] com.ammi3.blog.dao.BlogDao.getIndexBlog  : <==      Total: 5
2020-07-20 15:39:24.691 DEBUG 9040 --- [http-nio-8080-exec-2] com.ammi3.blog.dao.TypeDao.getBlogType   : ==>  Preparing: select t.id tid, t.name, b.id bid, b.title, b.type_id from t_type t, t_blog b where t.id = b.type_id 
2020-07-20 15:39:24.691 DEBUG 9040 --- [http-nio-8080-exec-2] com.ammi3.blog.dao.TypeDao.getBlogType   : ==> Parameters: 
2020-07-20 15:39:24.791 DEBUG 9040 --- [http-nio-8080-exec-2] com.ammi3.blog.dao.TypeDao.getBlogType   : <==      Total: 8
2020-07-20 15:39:24.791 DEBUG 9040 --- [http-nio-8080-exec-2] c.a.b.dao.BlogDao.getAllRecommendBlog    : ==>  Preparing: select id, title, recommend from t_blog order by update_time desc; 
2020-07-20 15:39:24.792 DEBUG 9040 --- [http-nio-8080-exec-2] c.a.b.dao.BlogDao.getAllRecommendBlog    : ==> Parameters: 
2020-07-20 15:39:24.891 DEBUG 9040 --- [http-nio-8080-exec-2] c.a.b.dao.BlogDao.getAllRecommendBlog    : <==      Total: 8
2020-07-20 15:49:13.000  INFO 16200 --- [restartedMain] com.ammi3.blog.BlogApplication           : Starting BlogApplication on DESKTOP-406V8OL with PID 16200 (H:\Demo合集\blog\target\classes started by 75821 in H:\Demo合集\blog)
2020-07-20 15:49:13.006 DEBUG 16200 --- [restartedMain] com.ammi3.blog.BlogApplication           : Running with Spring Boot v2.3.0.RELEASE, Spring v5.2.6.RELEASE
2020-07-20 15:49:13.006  INFO 16200 --- [restartedMain] com.ammi3.blog.BlogApplication           : The following profiles are active: dev
2020-07-20 15:49:13.078  INFO 16200 --- [restartedMain] .e.DevToolsPropertyDefaultsPostProcessor : Devtools property defaults active! Set 'spring.devtools.add-properties' to 'false' to disable
2020-07-20 15:49:13.078  INFO 16200 --- [restartedMain] .e.DevToolsPropertyDefaultsPostProcessor : For additional web related logging consider setting the 'logging.level.web' property to 'DEBUG'
2020-07-20 15:49:14.434  INFO 16200 --- [restartedMain] o.s.b.w.embedded.tomcat.TomcatWebServer  : Tomcat initialized with port(s): 8080 (http)
2020-07-20 15:49:14.446  INFO 16200 --- [restartedMain] o.apache.catalina.core.StandardService   : Starting service [Tomcat]
2020-07-20 15:49:14.446  INFO 16200 --- [restartedMain] org.apache.catalina.core.StandardEngine  : Starting Servlet engine: [Apache Tomcat/9.0.35]
2020-07-20 15:49:14.543  INFO 16200 --- [restartedMain] o.a.c.c.C.[Tomcat].[localhost].[/]       : Initializing Spring embedded WebApplicationContext
2020-07-20 15:49:14.543  INFO 16200 --- [restartedMain] o.s.web.context.ContextLoader            : Root WebApplicationContext: initialization completed in 1465 ms
2020-07-20 15:49:15.012  INFO 16200 --- [restartedMain] o.s.s.concurrent.ThreadPoolTaskExecutor  : Initializing ExecutorService 'applicationTaskExecutor'
2020-07-20 15:49:15.072  INFO 16200 --- [restartedMain] o.s.b.a.w.s.WelcomePageHandlerMapping    : Adding welcome page template: index
2020-07-20 15:49:15.345  INFO 16200 --- [restartedMain] o.s.b.d.a.OptionalLiveReloadServer       : LiveReload server is running on port 35729
2020-07-20 15:49:15.385  INFO 16200 --- [restartedMain] o.s.b.w.embedded.tomcat.TomcatWebServer  : Tomcat started on port(s): 8080 (http) with context path ''
2020-07-20 15:49:15.398  INFO 16200 --- [restartedMain] com.ammi3.blog.BlogApplication           : Started BlogApplication in 3.128 seconds (JVM running for 4.325)
2020-07-20 15:49:19.750  INFO 16200 --- [http-nio-8080-exec-1] o.a.c.c.C.[Tomcat].[localhost].[/]       : Initializing Spring DispatcherServlet 'dispatcherServlet'
2020-07-20 15:49:19.750  INFO 16200 --- [http-nio-8080-exec-1] o.s.web.servlet.DispatcherServlet        : Initializing Servlet 'dispatcherServlet'
2020-07-20 15:49:19.757  INFO 16200 --- [http-nio-8080-exec-1] o.s.web.servlet.DispatcherServlet        : Completed initialization in 7 ms
2020-07-20 15:49:19.795 ERROR 16200 --- [http-nio-8080-exec-1] o.a.c.c.C.[.[.[/].[dispatcherServlet]    : Servlet.service() for servlet [dispatcherServlet] in context with path [] threw exception [Request processing failed; nested exception is org.apache.ibatis.builder.IncompleteElementException: Could not find result map 'com.ammi3.blog.dao.TagDao.tag' referenced from 'com.ammi3.blog.dao.TagDao.getBlogTag'] with root cause

java.lang.IllegalArgumentException: Result Maps collection does not contain value for com.ammi3.blog.dao.TagDao.tag
	at org.apache.ibatis.session.Configuration$StrictMap.get(Configuration.java:964)
	at org.apache.ibatis.session.Configuration.getResultMap(Configuration.java:674)
	at org.apache.ibatis.builder.MapperBuilderAssistant.getStatementResultMaps(MapperBuilderAssistant.java:339)
	at org.apache.ibatis.builder.MapperBuilderAssistant.addMappedStatement(MapperBuilderAssistant.java:285)
	at org.apache.ibatis.builder.xml.XMLStatementBuilder.parseStatementNode(XMLStatementBuilder.java:113)
	at org.apache.ibatis.session.Configuration.lambda$buildAllStatements$2(Configuration.java:816)
	at java.util.Collection.removeIf(Collection.java:414)
	at org.apache.ibatis.session.Configuration.buildAllStatements(Configuration.java:815)
	at org.apache.ibatis.session.Configuration.hasStatement(Configuration.java:792)
	at org.apache.ibatis.session.Configuration.hasStatement(Configuration.java:787)
	at org.apache.ibatis.binding.MapperMethod$SqlCommand.resolveMappedStatement(MapperMethod.java:257)
	at org.apache.ibatis.binding.MapperMethod$SqlCommand.<init>(MapperMethod.java:227)
	at org.apache.ibatis.binding.MapperMethod.<init>(MapperMethod.java:53)
	at org.apache.ibatis.binding.MapperProxy.lambda$cachedMapperMethod$0(MapperProxy.java:98)
	at java.util.concurrent.ConcurrentHashMap.computeIfAbsent(ConcurrentHashMap.java:1660)
	at org.apache.ibatis.binding.MapperProxy.cachedMapperMethod(MapperProxy.java:97)
	at org.apache.ibatis.binding.MapperProxy.invoke(MapperProxy.java:92)
	at com.sun.proxy.$Proxy61.getIndexBlog(Unknown Source)
	at sun.reflect.NativeMethodAccessorImpl.invoke0(Native Method)
	at sun.reflect.NativeMethodAccessorImpl.invoke(NativeMethodAccessorImpl.java:62)
	at sun.reflect.DelegatingMethodAccessorImpl.invoke(DelegatingMethodAccessorImpl.java:43)
	at java.lang.reflect.Method.invoke(Method.java:498)
	at org.springframework.aop.support.AopUtils.invokeJoinpointUsingReflection(AopUtils.java:344)
	at org.springframework.aop.framework.ReflectiveMethodInvocation.invokeJoinpoint(ReflectiveMethodInvocation.java:198)
	at org.springframework.aop.framework.ReflectiveMethodInvocation.proceed(ReflectiveMethodInvocation.java:163)
	at org.springframework.dao.support.PersistenceExceptionTranslationInterceptor.invoke(PersistenceExceptionTranslationInterceptor.java:139)
	at org.springframework.aop.framework.ReflectiveMethodInvocation.proceed(ReflectiveMethodInvocation.java:186)
	at org.springframework.aop.framework.JdkDynamicAopProxy.invoke(JdkDynamicAopProxy.java:212)
	at com.sun.proxy.$Proxy62.getIndexBlog(Unknown Source)
	at com.ammi3.blog.service.impl.BlogServiceImpl.getIndexBlog(BlogServiceImpl.java:23)
	at com.ammi3.blog.controller.IndexController.index(IndexController.java:37)
	at sun.reflect.NativeMethodAccessorImpl.invoke0(Native Method)
	at sun.reflect.NativeMethodAccessorImpl.invoke(NativeMethodAccessorImpl.java:62)
	at sun.reflect.DelegatingMethodAccessorImpl.invoke(DelegatingMethodAccessorImpl.java:43)
	at java.lang.reflect.Method.invoke(Method.java:498)
	at org.springframework.web.method.support.InvocableHandlerMethod.doInvoke(InvocableHandlerMethod.java:190)
	at org.springframework.web.method.support.InvocableHandlerMethod.invokeForRequest(InvocableHandlerMethod.java:138)
	at org.springframework.web.servlet.mvc.method.annotation.ServletInvocableHandlerMethod.invokeAndHandle(ServletInvocableHandlerMethod.java:105)
	at org.springframework.web.servlet.mvc.method.annotation.RequestMappingHandlerAdapter.invokeHandlerMethod(RequestMappingHandlerAdapter.java:879)
	at org.springframework.web.servlet.mvc.method.annotation.RequestMappingHandlerAdapter.handleInternal(RequestMappingHandlerAdapter.java:793)
	at org.springframework.web.servlet.mvc.method.AbstractHandlerMethodAdapter.handle(AbstractHandlerMethodAdapter.java:87)
	at org.springframework.web.servlet.DispatcherServlet.doDispatch(DispatcherServlet.java:1040)
	at org.springframework.web.servlet.DispatcherServlet.doService(DispatcherServlet.java:943)
	at org.springframework.web.servlet.FrameworkServlet.processRequest(FrameworkServlet.java:1006)
	at org.springframework.web.servlet.FrameworkServlet.doGet(FrameworkServlet.java:898)
	at javax.servlet.http.HttpServlet.service(HttpServlet.java:634)
	at org.springframework.web.servlet.FrameworkServlet.service(FrameworkServlet.java:883)
	at javax.servlet.http.HttpServlet.service(HttpServlet.java:741)
	at org.apache.catalina.core.ApplicationFilterChain.internalDoFilter(ApplicationFilterChain.java:231)
	at org.apache.catalina.core.ApplicationFilterChain.doFilter(ApplicationFilterChain.java:166)
	at org.apache.tomcat.websocket.server.WsFilter.doFilter(WsFilter.java:53)
	at org.apache.catalina.core.ApplicationFilterChain.internalDoFilter(ApplicationFilterChain.java:193)
	at org.apache.catalina.core.ApplicationFilterChain.doFilter(ApplicationFilterChain.java:166)
	at org.springframework.web.filter.RequestContextFilter.doFilterInternal(RequestContextFilter.java:100)
	at org.springframework.web.filter.OncePerRequestFilter.doFilter(OncePerRequestFilter.java:119)
	at org.apache.catalina.core.ApplicationFilterChain.internalDoFilter(ApplicationFilterChain.java:193)
	at org.apache.catalina.core.ApplicationFilterChain.doFilter(ApplicationFilterChain.java:166)
	at org.springframework.web.filter.FormContentFilter.doFilterInternal(FormContentFilter.java:93)
	at org.springframework.web.filter.OncePerRequestFilter.doFilter(OncePerRequestFilter.java:119)
	at org.apache.catalina.core.ApplicationFilterChain.internalDoFilter(ApplicationFilterChain.java:193)
	at org.apache.catalina.core.ApplicationFilterChain.doFilter(ApplicationFilterChain.java:166)
	at org.springframework.web.filter.CharacterEncodingFilter.doFilterInternal(CharacterEncodingFilter.java:201)
	at org.springframework.web.filter.OncePerRequestFilter.doFilter(OncePerRequestFilter.java:119)
	at org.apache.catalina.core.ApplicationFilterChain.internalDoFilter(ApplicationFilterChain.java:193)
	at org.apache.catalina.core.ApplicationFilterChain.doFilter(ApplicationFilterChain.java:166)
	at org.apache.catalina.core.StandardWrapperValve.invoke(StandardWrapperValve.java:202)
	at org.apache.catalina.core.StandardContextValve.invoke(StandardContextValve.java:96)
	at org.apache.catalina.authenticator.AuthenticatorBase.invoke(AuthenticatorBase.java:541)
	at org.apache.catalina.core.StandardHostValve.invoke(StandardHostValve.java:139)
	at org.apache.catalina.valves.ErrorReportValve.invoke(ErrorReportValve.java:92)
	at org.apache.catalina.core.StandardEngineValve.invoke(StandardEngineValve.java:74)
	at org.apache.catalina.connector.CoyoteAdapter.service(CoyoteAdapter.java:343)
	at org.apache.coyote.http11.Http11Processor.service(Http11Processor.java:373)
	at org.apache.coyote.AbstractProcessorLight.process(AbstractProcessorLight.java:65)
	at org.apache.coyote.AbstractProtocol$ConnectionHandler.process(AbstractProtocol.java:868)
	at org.apache.tomcat.util.net.NioEndpoint$SocketProcessor.doRun(NioEndpoint.java:1590)
	at org.apache.tomcat.util.net.SocketProcessorBase.run(SocketProcessorBase.java:49)
	at java.util.concurrent.ThreadPoolExecutor.runWorker(ThreadPoolExecutor.java:1149)
	at java.util.concurrent.ThreadPoolExecutor$Worker.run(ThreadPoolExecutor.java:624)
	at org.apache.tomcat.util.threads.TaskThread$WrappingRunnable.run(TaskThread.java:61)
	at java.lang.Thread.run(Thread.java:748)

2020-07-20 15:50:01.481  INFO 14388 --- [restartedMain] com.ammi3.blog.BlogApplication           : Starting BlogApplication on DESKTOP-406V8OL with PID 14388 (H:\Demo合集\blog\target\classes started by 75821 in H:\Demo合集\blog)
2020-07-20 15:50:01.485 DEBUG 14388 --- [restartedMain] com.ammi3.blog.BlogApplication           : Running with Spring Boot v2.3.0.RELEASE, Spring v5.2.6.RELEASE
2020-07-20 15:50:01.486  INFO 14388 --- [restartedMain] com.ammi3.blog.BlogApplication           : The following profiles are active: dev
2020-07-20 15:50:01.560  INFO 14388 --- [restartedMain] .e.DevToolsPropertyDefaultsPostProcessor : Devtools property defaults active! Set 'spring.devtools.add-properties' to 'false' to disable
2020-07-20 15:50:01.561  INFO 14388 --- [restartedMain] .e.DevToolsPropertyDefaultsPostProcessor : For additional web related logging consider setting the 'logging.level.web' property to 'DEBUG'
2020-07-20 15:50:02.847  INFO 14388 --- [restartedMain] o.s.b.w.embedded.tomcat.TomcatWebServer  : Tomcat initialized with port(s): 8080 (http)
2020-07-20 15:50:02.855  INFO 14388 --- [restartedMain] o.apache.catalina.core.StandardService   : Starting service [Tomcat]
2020-07-20 15:50:02.856  INFO 14388 --- [restartedMain] org.apache.catalina.core.StandardEngine  : Starting Servlet engine: [Apache Tomcat/9.0.35]
2020-07-20 15:50:02.937  INFO 14388 --- [restartedMain] o.a.c.c.C.[Tomcat].[localhost].[/]       : Initializing Spring embedded WebApplicationContext
2020-07-20 15:50:02.937  INFO 14388 --- [restartedMain] o.s.web.context.ContextLoader            : Root WebApplicationContext: initialization completed in 1376 ms
2020-07-20 15:50:03.386  INFO 14388 --- [restartedMain] o.s.s.concurrent.ThreadPoolTaskExecutor  : Initializing ExecutorService 'applicationTaskExecutor'
2020-07-20 15:50:03.443  INFO 14388 --- [restartedMain] o.s.b.a.w.s.WelcomePageHandlerMapping    : Adding welcome page template: index
2020-07-20 15:50:03.712  INFO 14388 --- [restartedMain] o.s.b.d.a.OptionalLiveReloadServer       : LiveReload server is running on port 35729
2020-07-20 15:50:03.754  INFO 14388 --- [restartedMain] o.s.b.w.embedded.tomcat.TomcatWebServer  : Tomcat started on port(s): 8080 (http) with context path ''
2020-07-20 15:50:03.766  INFO 14388 --- [restartedMain] com.ammi3.blog.BlogApplication           : Started BlogApplication in 3.051 seconds (JVM running for 4.193)
2020-07-20 15:50:20.914  INFO 14388 --- [http-nio-8080-exec-1] o.a.c.c.C.[Tomcat].[localhost].[/]       : Initializing Spring DispatcherServlet 'dispatcherServlet'
2020-07-20 15:50:20.914  INFO 14388 --- [http-nio-8080-exec-1] o.s.web.servlet.DispatcherServlet        : Initializing Servlet 'dispatcherServlet'
2020-07-20 15:50:20.920  INFO 14388 --- [http-nio-8080-exec-1] o.s.web.servlet.DispatcherServlet        : Completed initialization in 6 ms
2020-07-20 15:50:20.978  INFO 14388 --- [http-nio-8080-exec-1] com.zaxxer.hikari.HikariDataSource       : HikariPool-1 - Starting...
2020-07-20 15:50:22.677  INFO 14388 --- [http-nio-8080-exec-1] com.zaxxer.hikari.HikariDataSource       : HikariPool-1 - Start completed.
2020-07-20 15:50:22.682 DEBUG 14388 --- [http-nio-8080-exec-1] c.a.blog.dao.BlogDao.getIndexBlog_COUNT  : ==>  Preparing: SELECT count(0) FROM t_blog b, t_type t, t_user u WHERE b.type_id = t.id AND u.id = b.user_id 
2020-07-20 15:50:22.701 DEBUG 14388 --- [http-nio-8080-exec-1] c.a.blog.dao.BlogDao.getIndexBlog_COUNT  : ==> Parameters: 
2020-07-20 15:50:22.810 DEBUG 14388 --- [http-nio-8080-exec-1] c.a.blog.dao.BlogDao.getIndexBlog_COUNT  : <==      Total: 1
2020-07-20 15:50:22.814 DEBUG 14388 --- [http-nio-8080-exec-1] com.ammi3.blog.dao.BlogDao.getIndexBlog  : ==>  Preparing: /*主页博客展示*/ select b.id, b.title, b.first_picture, b.views, b.update_time, b.description, t.name typename, t.id typeid, u.nickname, u.avatar from t_blog b, t_type t, t_user u where b.type_id = t.id and u.id = b.user_id order by b.update_time desc LIMIT ? 
2020-07-20 15:50:22.814 DEBUG 14388 --- [http-nio-8080-exec-1] com.ammi3.blog.dao.BlogDao.getIndexBlog  : ==> Parameters: 5(Integer)
2020-07-20 15:50:22.913 DEBUG 14388 --- [http-nio-8080-exec-1] com.ammi3.blog.dao.BlogDao.getIndexBlog  : <==      Total: 5
2020-07-20 15:50:22.916 DEBUG 14388 --- [http-nio-8080-exec-1] com.ammi3.blog.dao.TypeDao.getBlogType   : ==>  Preparing: select t.id tid, t.name, b.id bid, b.title, b.type_id from t_type t, t_blog b where t.id = b.type_id 
2020-07-20 15:50:22.917 DEBUG 14388 --- [http-nio-8080-exec-1] com.ammi3.blog.dao.TypeDao.getBlogType   : ==> Parameters: 
2020-07-20 15:50:22.980 DEBUG 14388 --- [http-nio-8080-exec-1] com.ammi3.blog.dao.TypeDao.getBlogType   : <==      Total: 8
2020-07-20 15:50:22.981 DEBUG 14388 --- [http-nio-8080-exec-1] com.ammi3.blog.dao.TagDao.getBlogTag     : ==>  Preparing: select t.id tid, t.name, b.id bid, b.title from t_blog b, t_blog_tags bt, t_tag t where b.id = bt.blog_id and bt.tag_id = t.id 
2020-07-20 15:50:22.981 DEBUG 14388 --- [http-nio-8080-exec-1] com.ammi3.blog.dao.TagDao.getBlogTag     : ==> Parameters: 
2020-07-20 15:50:23.058 DEBUG 14388 --- [http-nio-8080-exec-1] com.ammi3.blog.dao.TagDao.getBlogTag     : <==      Total: 12
2020-07-20 15:50:23.059 DEBUG 14388 --- [http-nio-8080-exec-1] c.a.b.dao.BlogDao.getAllRecommendBlog    : ==>  Preparing: select id, title, recommend from t_blog order by update_time desc; 
2020-07-20 15:50:23.059 DEBUG 14388 --- [http-nio-8080-exec-1] c.a.b.dao.BlogDao.getAllRecommendBlog    : ==> Parameters: 
2020-07-20 15:50:23.126 DEBUG 14388 --- [http-nio-8080-exec-1] c.a.b.dao.BlogDao.getAllRecommendBlog    : <==      Total: 8
2020-07-20 15:51:01.674  INFO 10448 --- [restartedMain] com.ammi3.blog.BlogApplication           : Starting BlogApplication on DESKTOP-406V8OL with PID 10448 (H:\Demo合集\blog\target\classes started by 75821 in H:\Demo合集\blog)
2020-07-20 15:51:01.679 DEBUG 10448 --- [restartedMain] com.ammi3.blog.BlogApplication           : Running with Spring Boot v2.3.0.RELEASE, Spring v5.2.6.RELEASE
2020-07-20 15:51:01.680  INFO 10448 --- [restartedMain] com.ammi3.blog.BlogApplication           : The following profiles are active: dev
2020-07-20 15:51:01.797  INFO 10448 --- [restartedMain] .e.DevToolsPropertyDefaultsPostProcessor : Devtools property defaults active! Set 'spring.devtools.add-properties' to 'false' to disable
2020-07-20 15:51:01.797  INFO 10448 --- [restartedMain] .e.DevToolsPropertyDefaultsPostProcessor : For additional web related logging consider setting the 'logging.level.web' property to 'DEBUG'
2020-07-20 15:51:03.255  INFO 10448 --- [restartedMain] o.s.b.w.embedded.tomcat.TomcatWebServer  : Tomcat initialized with port(s): 8080 (http)
2020-07-20 15:51:03.265  INFO 10448 --- [restartedMain] o.apache.catalina.core.StandardService   : Starting service [Tomcat]
2020-07-20 15:51:03.266  INFO 10448 --- [restartedMain] org.apache.catalina.core.StandardEngine  : Starting Servlet engine: [Apache Tomcat/9.0.35]
2020-07-20 15:51:03.362  INFO 10448 --- [restartedMain] o.a.c.c.C.[Tomcat].[localhost].[/]       : Initializing Spring embedded WebApplicationContext
2020-07-20 15:51:03.362  INFO 10448 --- [restartedMain] o.s.web.context.ContextLoader            : Root WebApplicationContext: initialization completed in 1564 ms
2020-07-20 15:51:03.807  INFO 10448 --- [restartedMain] o.s.s.concurrent.ThreadPoolTaskExecutor  : Initializing ExecutorService 'applicationTaskExecutor'
2020-07-20 15:51:03.865  INFO 10448 --- [restartedMain] o.s.b.a.w.s.WelcomePageHandlerMapping    : Adding welcome page template: index
2020-07-20 15:51:04.182  INFO 10448 --- [restartedMain] o.s.b.d.a.OptionalLiveReloadServer       : LiveReload server is running on port 35729
2020-07-20 15:51:04.230  INFO 10448 --- [restartedMain] o.s.b.w.embedded.tomcat.TomcatWebServer  : Tomcat started on port(s): 8080 (http) with context path ''
2020-07-20 15:51:04.244  INFO 10448 --- [restartedMain] com.ammi3.blog.BlogApplication           : Started BlogApplication in 3.537 seconds (JVM running for 5.076)
2020-07-20 15:51:12.728  INFO 10448 --- [http-nio-8080-exec-1] o.a.c.c.C.[Tomcat].[localhost].[/]       : Initializing Spring DispatcherServlet 'dispatcherServlet'
2020-07-20 15:51:12.728  INFO 10448 --- [http-nio-8080-exec-1] o.s.web.servlet.DispatcherServlet        : Initializing Servlet 'dispatcherServlet'
2020-07-20 15:51:12.733  INFO 10448 --- [http-nio-8080-exec-1] o.s.web.servlet.DispatcherServlet        : Completed initialization in 5 ms
2020-07-20 15:51:12.790  INFO 10448 --- [http-nio-8080-exec-1] com.zaxxer.hikari.HikariDataSource       : HikariPool-1 - Starting...
2020-07-20 15:51:14.496  INFO 10448 --- [http-nio-8080-exec-1] com.zaxxer.hikari.HikariDataSource       : HikariPool-1 - Start completed.
2020-07-20 15:51:14.503 DEBUG 10448 --- [http-nio-8080-exec-1] c.a.blog.dao.BlogDao.getIndexBlog_COUNT  : ==>  Preparing: SELECT count(0) FROM t_blog b, t_type t, t_user u WHERE b.type_id = t.id AND u.id = b.user_id 
2020-07-20 15:51:14.519 DEBUG 10448 --- [http-nio-8080-exec-1] c.a.blog.dao.BlogDao.getIndexBlog_COUNT  : ==> Parameters: 
2020-07-20 15:51:14.632 DEBUG 10448 --- [http-nio-8080-exec-1] c.a.blog.dao.BlogDao.getIndexBlog_COUNT  : <==      Total: 1
2020-07-20 15:51:14.637 DEBUG 10448 --- [http-nio-8080-exec-1] com.ammi3.blog.dao.BlogDao.getIndexBlog  : ==>  Preparing: /*主页博客展示*/ select b.id, b.title, b.first_picture, b.views, b.update_time, b.description, t.name typename, t.id typeid, u.nickname, u.avatar from t_blog b, t_type t, t_user u where b.type_id = t.id and u.id = b.user_id order by b.update_time desc LIMIT ? 
2020-07-20 15:51:14.638 DEBUG 10448 --- [http-nio-8080-exec-1] com.ammi3.blog.dao.BlogDao.getIndexBlog  : ==> Parameters: 5(Integer)
2020-07-20 15:51:14.709 DEBUG 10448 --- [http-nio-8080-exec-1] com.ammi3.blog.dao.BlogDao.getIndexBlog  : <==      Total: 5
2020-07-20 15:51:14.712 DEBUG 10448 --- [http-nio-8080-exec-1] com.ammi3.blog.dao.TypeDao.getBlogType   : ==>  Preparing: select t.id tid, t.name, b.id bid, b.title, b.type_id from t_type t, t_blog b where t.id = b.type_id 
2020-07-20 15:51:14.712 DEBUG 10448 --- [http-nio-8080-exec-1] com.ammi3.blog.dao.TypeDao.getBlogType   : ==> Parameters: 
2020-07-20 15:51:14.806 DEBUG 10448 --- [http-nio-8080-exec-1] com.ammi3.blog.dao.TypeDao.getBlogType   : <==      Total: 8
2020-07-20 15:51:14.807 DEBUG 10448 --- [http-nio-8080-exec-1] com.ammi3.blog.dao.TagDao.getBlogTag     : ==>  Preparing: select t.id tid, t.name, b.id bid, b.title from t_blog b, t_blog_tags bt, t_tag t where b.id = bt.blog_id and bt.tag_id = t.id 
2020-07-20 15:51:14.808 DEBUG 10448 --- [http-nio-8080-exec-1] com.ammi3.blog.dao.TagDao.getBlogTag     : ==> Parameters: 
2020-07-20 15:51:14.859 DEBUG 10448 --- [http-nio-8080-exec-1] com.ammi3.blog.dao.TagDao.getBlogTag     : <==      Total: 12
2020-07-20 15:51:14.860 DEBUG 10448 --- [http-nio-8080-exec-1] c.a.b.dao.BlogDao.getAllRecommendBlog    : ==>  Preparing: select id, title, recommend from t_blog order by update_time desc; 
2020-07-20 15:51:14.860 DEBUG 10448 --- [http-nio-8080-exec-1] c.a.b.dao.BlogDao.getAllRecommendBlog    : ==> Parameters: 
2020-07-20 15:51:14.928 DEBUG 10448 --- [http-nio-8080-exec-1] c.a.b.dao.BlogDao.getAllRecommendBlog    : <==      Total: 8
